

Started GET "/products/21" for ::1 at 2016-06-21 16:08:35 -0400
  [1m[36mActiveRecord::SchemaMigration Load (26.6ms)[0m  [1mSELECT "schema_migrations".* FROM "schema_migrations"[0m
Processing by ProductsController#show as HTML
  Parameters: {"id"=>"21"}
  [1m[35mProduct Load (24.4ms)[0m  SELECT  "products".* FROM "products" WHERE "products"."id" = ? LIMIT 1  [["id", 21]]
  Rendered products/show.html.erb within layouts/application (2.9ms)
Completed 200 OK in 785ms (Views: 552.9ms | ActiveRecord: 24.9ms)


Started GET "/assets/application.self-e80e8f2318043e8af94dddc2adad5a4f09739a8ebb323b3ab31cd71d45fd9113.css?body=1" for ::1 at 2016-06-21 16:08:37 -0400


Started GET "/assets/store_admin.self-e3b0c44298fc1c149afbf4c8996fb92427ae41e4649b934ca495991b7852b855.css?body=1" for ::1 at 2016-06-21 16:08:37 -0400


Started GET "/assets/static.self-e3b0c44298fc1c149afbf4c8996fb92427ae41e4649b934ca495991b7852b855.css?body=1" for ::1 at 2016-06-21 16:08:37 -0400


Started GET "/assets/jquery.self-c64a74367bda6ef8b860f19e74df08927ca99d2be2ac934e9e92d5fd361e0da4.js?body=1" for ::1 at 2016-06-21 16:08:37 -0400


Started GET "/assets/turbolinks.self-c37727e9bd6b2735da5c311aa83fead54ed0be6cc8bd9a65309e9c5abe2cbfff.js?body=1" for ::1 at 2016-06-21 16:08:37 -0400


Started GET "/assets/jquery_ujs.self-d602bdfe68ffc63b9f9cc512872aa3cfff046228a0a36e90dd476e8ef54c1b09.js?body=1" for ::1 at 2016-06-21 16:08:37 -0400


Started GET "/assets/static.self-877aef30ae1b040ab8a3aba4e3e309a11d7f2612f44dde450b5c157aa5f95c05.js?body=1" for ::1 at 2016-06-21 16:08:37 -0400


Started GET "/assets/store_admin.self-877aef30ae1b040ab8a3aba4e3e309a11d7f2612f44dde450b5c157aa5f95c05.js?body=1" for ::1 at 2016-06-21 16:08:37 -0400


Started GET "/assets/application.self-3b8dabdc891efe46b9a144b400ad69e37d7e5876bdc39dee783419a69d7ca819.js?body=1" for ::1 at 2016-06-21 16:08:37 -0400


Started GET "/products/22.json" for ::1 at 2016-06-21 16:08:39 -0400
Processing by ProductsController#show as JSON
  Parameters: {"id"=>"22"}
  [1m[36mProduct Load (0.2ms)[0m  [1mSELECT  "products".* FROM "products" WHERE "products"."id" = ? LIMIT 1[0m  [["id", 22]]
[active_model_serializers]   [1m[35mOrder Load (0.6ms)[0m  SELECT "orders".* FROM "orders" INNER JOIN "ordered_products" ON "orders"."id" = "ordered_products"."order_id" WHERE "ordered_products"."product_id" = ?  [["product_id", 22]]
[active_model_serializers]   [1m[36mProduct Load (0.3ms)[0m  [1mSELECT "products".* FROM "products" INNER JOIN "ordered_products" ON "products"."id" = "ordered_products"."product_id" WHERE "ordered_products"."order_id" = ?[0m  [["order_id", 27]]
[active_model_serializers]   [1m[35mProduct Load (0.1ms)[0m  SELECT "products".* FROM "products" INNER JOIN "ordered_products" ON "products"."id" = "ordered_products"."product_id" WHERE "ordered_products"."order_id" = ?  [["order_id", 29]]
[active_model_serializers] Rendered ProductSerializer with ActiveModelSerializers::Adapter::Attributes (209.48ms)
Completed 200 OK in 379ms (Views: 374.3ms | ActiveRecord: 1.8ms)


Started GET "/products/23.json" for ::1 at 2016-06-21 16:08:40 -0400
Processing by ProductsController#show as JSON
  Parameters: {"id"=>"23"}
  [1m[36mProduct Load (0.2ms)[0m  [1mSELECT  "products".* FROM "products" WHERE "products"."id" = ? LIMIT 1[0m  [["id", 23]]
[active_model_serializers]   [1m[35mOrder Load (0.2ms)[0m  SELECT "orders".* FROM "orders" INNER JOIN "ordered_products" ON "orders"."id" = "ordered_products"."order_id" WHERE "ordered_products"."product_id" = ?  [["product_id", 23]]
[active_model_serializers] Rendered ProductSerializer with ActiveModelSerializers::Adapter::Attributes (4.34ms)
Completed 200 OK in 7ms (Views: 5.0ms | ActiveRecord: 0.3ms)


Started GET "/products/24.json" for ::1 at 2016-06-21 16:08:41 -0400
Processing by ProductsController#show as JSON
  Parameters: {"id"=>"24"}
  [1m[36mProduct Load (0.2ms)[0m  [1mSELECT  "products".* FROM "products" WHERE "products"."id" = ? LIMIT 1[0m  [["id", 24]]
[active_model_serializers]   [1m[35mOrder Load (1.4ms)[0m  SELECT "orders".* FROM "orders" INNER JOIN "ordered_products" ON "orders"."id" = "ordered_products"."order_id" WHERE "ordered_products"."product_id" = ?  [["product_id", 24]]
[active_model_serializers]   [1m[36mProduct Load (0.2ms)[0m  [1mSELECT "products".* FROM "products" INNER JOIN "ordered_products" ON "products"."id" = "ordered_products"."product_id" WHERE "ordered_products"."order_id" = ?[0m  [["order_id", 25]]
[active_model_serializers]   [1m[35mProduct Load (0.2ms)[0m  SELECT "products".* FROM "products" INNER JOIN "ordered_products" ON "products"."id" = "ordered_products"."product_id" WHERE "ordered_products"."order_id" = ?  [["order_id", 26]]
[active_model_serializers] Rendered ProductSerializer with ActiveModelSerializers::Adapter::Attributes (15.24ms)
Completed 200 OK in 17ms (Views: 14.0ms | ActiveRecord: 2.0ms)


Started GET "/products/25.json" for ::1 at 2016-06-21 16:08:43 -0400
Processing by ProductsController#show as JSON
  Parameters: {"id"=>"25"}
  [1m[36mProduct Load (0.1ms)[0m  [1mSELECT  "products".* FROM "products" WHERE "products"."id" = ? LIMIT 1[0m  [["id", 25]]
[active_model_serializers]   [1m[35mOrder Load (1.0ms)[0m  SELECT "orders".* FROM "orders" INNER JOIN "ordered_products" ON "orders"."id" = "ordered_products"."order_id" WHERE "ordered_products"."product_id" = ?  [["product_id", 25]]
[active_model_serializers]   [1m[36mProduct Load (0.2ms)[0m  [1mSELECT "products".* FROM "products" INNER JOIN "ordered_products" ON "products"."id" = "ordered_products"."product_id" WHERE "ordered_products"."order_id" = ?[0m  [["order_id", 30]]
[active_model_serializers] Rendered ProductSerializer with ActiveModelSerializers::Adapter::Attributes (11.74ms)
Completed 200 OK in 17ms (Views: 14.7ms | ActiveRecord: 1.3ms)


Started GET "/products/26.json" for ::1 at 2016-06-21 16:08:44 -0400
Processing by ProductsController#show as JSON
  Parameters: {"id"=>"26"}
  [1m[35mProduct Load (0.1ms)[0m  SELECT  "products".* FROM "products" WHERE "products"."id" = ? LIMIT 1  [["id", 26]]
[active_model_serializers]   [1m[36mOrder Load (0.2ms)[0m  [1mSELECT "orders".* FROM "orders" INNER JOIN "ordered_products" ON "orders"."id" = "ordered_products"."order_id" WHERE "ordered_products"."product_id" = ?[0m  [["product_id", 26]]
[active_model_serializers]   [1m[35mProduct Load (0.3ms)[0m  SELECT "products".* FROM "products" INNER JOIN "ordered_products" ON "products"."id" = "ordered_products"."product_id" WHERE "ordered_products"."order_id" = ?  [["order_id", 23]]
[active_model_serializers] Rendered ProductSerializer with ActiveModelSerializers::Adapter::Attributes (8.95ms)
Completed 200 OK in 11ms (Views: 9.1ms | ActiveRecord: 0.6ms)


Started GET "/products/" for ::1 at 2016-06-21 16:08:50 -0400
Processing by ProductsController#index as HTML
  [1m[36mProduct Load (0.4ms)[0m  [1mSELECT "products".* FROM "products"[0m
  Rendered products/index.html.erb within layouts/application (3.8ms)
Completed 200 OK in 51ms (Views: 50.4ms | ActiveRecord: 0.4ms)


Started GET "/products/21.json" for ::1 at 2016-06-21 16:08:52 -0400
Processing by ProductsController#show as JSON
  Parameters: {"id"=>"21"}
  [1m[35mProduct Load (0.1ms)[0m  SELECT  "products".* FROM "products" WHERE "products"."id" = ? LIMIT 1  [["id", 21]]
[active_model_serializers]   [1m[36mOrder Load (0.2ms)[0m  [1mSELECT "orders".* FROM "orders" INNER JOIN "ordered_products" ON "orders"."id" = "ordered_products"."order_id" WHERE "ordered_products"."product_id" = ?[0m  [["product_id", 21]]
[active_model_serializers]   [1m[35mProduct Load (0.1ms)[0m  SELECT "products".* FROM "products" INNER JOIN "ordered_products" ON "products"."id" = "ordered_products"."product_id" WHERE "ordered_products"."order_id" = ?  [["order_id", 24]]
[active_model_serializers]   [1m[36mProduct Load (0.1ms)[0m  [1mSELECT "products".* FROM "products" INNER JOIN "ordered_products" ON "products"."id" = "ordered_products"."product_id" WHERE "ordered_products"."order_id" = ?[0m  [["order_id", 28]]
[active_model_serializers] Rendered ProductSerializer with ActiveModelSerializers::Adapter::Attributes (5.33ms)
Completed 200 OK in 8ms (Views: 5.5ms | ActiveRecord: 0.5ms)


Started GET "/products/21.json" for ::1 at 2016-06-21 16:08:54 -0400
Processing by ProductsController#show as JSON
  Parameters: {"id"=>"21"}
  [1m[35mProduct Load (0.1ms)[0m  SELECT  "products".* FROM "products" WHERE "products"."id" = ? LIMIT 1  [["id", 21]]
[active_model_serializers]   [1m[36mOrder Load (0.1ms)[0m  [1mSELECT "orders".* FROM "orders" INNER JOIN "ordered_products" ON "orders"."id" = "ordered_products"."order_id" WHERE "ordered_products"."product_id" = ?[0m  [["product_id", 21]]
[active_model_serializers]   [1m[35mProduct Load (0.2ms)[0m  SELECT "products".* FROM "products" INNER JOIN "ordered_products" ON "products"."id" = "ordered_products"."product_id" WHERE "ordered_products"."order_id" = ?  [["order_id", 24]]
[active_model_serializers]   [1m[36mProduct Load (0.1ms)[0m  [1mSELECT "products".* FROM "products" INNER JOIN "ordered_products" ON "products"."id" = "ordered_products"."product_id" WHERE "ordered_products"."order_id" = ?[0m  [["order_id", 28]]
[active_model_serializers] Rendered ProductSerializer with ActiveModelSerializers::Adapter::Attributes (5.54ms)
Completed 200 OK in 7ms (Views: 5.6ms | ActiveRecord: 0.5ms)


Started GET "/products/22.json" for ::1 at 2016-06-21 16:08:58 -0400
Processing by ProductsController#show as JSON
  Parameters: {"id"=>"22"}
  [1m[35mProduct Load (0.1ms)[0m  SELECT  "products".* FROM "products" WHERE "products"."id" = ? LIMIT 1  [["id", 22]]
[active_model_serializers]   [1m[36mOrder Load (0.2ms)[0m  [1mSELECT "orders".* FROM "orders" INNER JOIN "ordered_products" ON "orders"."id" = "ordered_products"."order_id" WHERE "ordered_products"."product_id" = ?[0m  [["product_id", 22]]
[active_model_serializers]   [1m[35mProduct Load (0.1ms)[0m  SELECT "products".* FROM "products" INNER JOIN "ordered_products" ON "products"."id" = "ordered_products"."product_id" WHERE "ordered_products"."order_id" = ?  [["order_id", 27]]
[active_model_serializers]   [1m[36mProduct Load (0.1ms)[0m  [1mSELECT "products".* FROM "products" INNER JOIN "ordered_products" ON "products"."id" = "ordered_products"."product_id" WHERE "ordered_products"."order_id" = ?[0m  [["order_id", 29]]
[active_model_serializers] Rendered ProductSerializer with ActiveModelSerializers::Adapter::Attributes (5.5ms)
Completed 200 OK in 7ms (Views: 5.7ms | ActiveRecord: 0.5ms)


Started GET "/products/22.json" for ::1 at 2016-06-21 16:09:07 -0400
Processing by ProductsController#show as JSON
  Parameters: {"id"=>"22"}
  [1m[35mProduct Load (0.1ms)[0m  SELECT  "products".* FROM "products" WHERE "products"."id" = ? LIMIT 1  [["id", 22]]
[active_model_serializers]   [1m[36mOrder Load (0.1ms)[0m  [1mSELECT "orders".* FROM "orders" INNER JOIN "ordered_products" ON "orders"."id" = "ordered_products"."order_id" WHERE "ordered_products"."product_id" = ?[0m  [["product_id", 22]]
[active_model_serializers]   [1m[35mProduct Load (0.1ms)[0m  SELECT "products".* FROM "products" INNER JOIN "ordered_products" ON "products"."id" = "ordered_products"."product_id" WHERE "ordered_products"."order_id" = ?  [["order_id", 27]]
[active_model_serializers]   [1m[36mProduct Load (0.1ms)[0m  [1mSELECT "products".* FROM "products" INNER JOIN "ordered_products" ON "products"."id" = "ordered_products"."product_id" WHERE "ordered_products"."order_id" = ?[0m  [["order_id", 29]]
[active_model_serializers] Rendered ProductSerializer with ActiveModelSerializers::Adapter::Attributes (5.89ms)
Completed 200 OK in 8ms (Views: 6.1ms | ActiveRecord: 0.5ms)


Started GET "/products/25.json" for ::1 at 2016-06-21 16:09:58 -0400
Processing by ProductsController#show as JSON
  Parameters: {"id"=>"25"}
  [1m[35mProduct Load (0.1ms)[0m  SELECT  "products".* FROM "products" WHERE "products"."id" = ? LIMIT 1  [["id", 25]]
[active_model_serializers]   [1m[36mOrder Load (0.2ms)[0m  [1mSELECT "orders".* FROM "orders" INNER JOIN "ordered_products" ON "orders"."id" = "ordered_products"."order_id" WHERE "ordered_products"."product_id" = ?[0m  [["product_id", 25]]
[active_model_serializers]   [1m[35mProduct Load (0.2ms)[0m  SELECT "products".* FROM "products" INNER JOIN "ordered_products" ON "products"."id" = "ordered_products"."product_id" WHERE "ordered_products"."order_id" = ?  [["order_id", 30]]
[active_model_serializers] Rendered ProductSerializer with ActiveModelSerializers::Adapter::Attributes (4.57ms)
Completed 200 OK in 6ms (Views: 4.7ms | ActiveRecord: 0.5ms)


Started GET "/products/26.json" for ::1 at 2016-06-21 16:10:02 -0400
Processing by ProductsController#show as JSON
  Parameters: {"id"=>"26"}
  [1m[36mProduct Load (0.2ms)[0m  [1mSELECT  "products".* FROM "products" WHERE "products"."id" = ? LIMIT 1[0m  [["id", 26]]
[active_model_serializers]   [1m[35mOrder Load (0.2ms)[0m  SELECT "orders".* FROM "orders" INNER JOIN "ordered_products" ON "orders"."id" = "ordered_products"."order_id" WHERE "ordered_products"."product_id" = ?  [["product_id", 26]]
[active_model_serializers]   [1m[36mProduct Load (0.2ms)[0m  [1mSELECT "products".* FROM "products" INNER JOIN "ordered_products" ON "products"."id" = "ordered_products"."product_id" WHERE "ordered_products"."order_id" = ?[0m  [["order_id", 23]]
[active_model_serializers] Rendered ProductSerializer with ActiveModelSerializers::Adapter::Attributes (7.99ms)
Completed 200 OK in 11ms (Views: 8.4ms | ActiveRecord: 0.6ms)


Started GET "/products/27.json" for ::1 at 2016-06-21 16:10:05 -0400
Processing by ProductsController#show as JSON
  Parameters: {"id"=>"27"}
  [1m[35mProduct Load (0.1ms)[0m  SELECT  "products".* FROM "products" WHERE "products"."id" = ? LIMIT 1  [["id", 27]]
[active_model_serializers]   [1m[36mOrder Load (0.1ms)[0m  [1mSELECT "orders".* FROM "orders" INNER JOIN "ordered_products" ON "orders"."id" = "ordered_products"."order_id" WHERE "ordered_products"."product_id" = ?[0m  [["product_id", 27]]
[active_model_serializers]   [1m[35mProduct Load (0.2ms)[0m  SELECT "products".* FROM "products" INNER JOIN "ordered_products" ON "products"."id" = "ordered_products"."product_id" WHERE "ordered_products"."order_id" = ?  [["order_id", 21]]
[active_model_serializers] Rendered ProductSerializer with ActiveModelSerializers::Adapter::Attributes (6.01ms)
Completed 200 OK in 8ms (Views: 6.8ms | ActiveRecord: 0.4ms)


Started GET "/products/" for ::1 at 2016-06-21 17:18:28 -0400
  [1m[36mActiveRecord::SchemaMigration Load (19.0ms)[0m  [1mSELECT "schema_migrations".* FROM "schema_migrations"[0m
Processing by ProductsController#index as HTML
  [1m[35mProduct Load (0.7ms)[0m  SELECT "products".* FROM "products"
  Rendered products/index.html.erb within layouts/application (12.9ms)
Completed 200 OK in 627ms (Views: 527.9ms | ActiveRecord: 1.3ms)


Started GET "/assets/static.self-e3b0c44298fc1c149afbf4c8996fb92427ae41e4649b934ca495991b7852b855.css?body=1" for ::1 at 2016-06-21 17:18:29 -0400


Started GET "/assets/jquery.self-c64a74367bda6ef8b860f19e74df08927ca99d2be2ac934e9e92d5fd361e0da4.js?body=1" for ::1 at 2016-06-21 17:18:29 -0400


Started GET "/assets/application.self-e80e8f2318043e8af94dddc2adad5a4f09739a8ebb323b3ab31cd71d45fd9113.css?body=1" for ::1 at 2016-06-21 17:18:29 -0400


Started GET "/assets/store_admin.self-e3b0c44298fc1c149afbf4c8996fb92427ae41e4649b934ca495991b7852b855.css?body=1" for ::1 at 2016-06-21 17:18:29 -0400


Started GET "/assets/jquery_ujs.self-d602bdfe68ffc63b9f9cc512872aa3cfff046228a0a36e90dd476e8ef54c1b09.js?body=1" for ::1 at 2016-06-21 17:18:29 -0400


Started GET "/assets/turbolinks.self-c37727e9bd6b2735da5c311aa83fead54ed0be6cc8bd9a65309e9c5abe2cbfff.js?body=1" for ::1 at 2016-06-21 17:18:29 -0400


Started GET "/assets/static.self-877aef30ae1b040ab8a3aba4e3e309a11d7f2612f44dde450b5c157aa5f95c05.js?body=1" for ::1 at 2016-06-21 17:18:29 -0400


Started GET "/assets/store_admin.self-877aef30ae1b040ab8a3aba4e3e309a11d7f2612f44dde450b5c157aa5f95c05.js?body=1" for ::1 at 2016-06-21 17:18:29 -0400


Started GET "/assets/application.self-3b8dabdc891efe46b9a144b400ad69e37d7e5876bdc39dee783419a69d7ca819.js?body=1" for ::1 at 2016-06-21 17:18:30 -0400


Started GET "/products/" for ::1 at 2016-06-21 17:18:30 -0400
Processing by ProductsController#index as HTML
  [1m[36mProduct Load (0.8ms)[0m  [1mSELECT "products".* FROM "products"[0m
  Rendered products/index.html.erb within layouts/application (2.7ms)
Completed 200 OK in 42ms (Views: 40.1ms | ActiveRecord: 0.8ms)


Started GET "/products/21.json" for ::1 at 2016-06-21 17:18:39 -0400
Processing by ProductsController#show as JSON
  Parameters: {"id"=>"21"}
  [1m[35mProduct Load (0.4ms)[0m  SELECT  "products".* FROM "products" WHERE "products"."id" = ? LIMIT 1  [["id", 21]]
[active_model_serializers]   [1m[36mOrder Load (1.3ms)[0m  [1mSELECT "orders".* FROM "orders" INNER JOIN "ordered_products" ON "orders"."id" = "ordered_products"."order_id" WHERE "ordered_products"."product_id" = ?[0m  [["product_id", 21]]
[active_model_serializers]   [1m[35mProduct Load (0.3ms)[0m  SELECT "products".* FROM "products" INNER JOIN "ordered_products" ON "products"."id" = "ordered_products"."product_id" WHERE "ordered_products"."order_id" = ?  [["order_id", 24]]
[active_model_serializers]   [1m[36mProduct Load (0.2ms)[0m  [1mSELECT "products".* FROM "products" INNER JOIN "ordered_products" ON "products"."id" = "ordered_products"."product_id" WHERE "ordered_products"."order_id" = ?[0m  [["order_id", 28]]
[active_model_serializers] Rendered ProductSerializer with ActiveModelSerializers::Adapter::Attributes (328.46ms)
Completed 200 OK in 465ms (Views: 378.1ms | ActiveRecord: 2.9ms)


Started GET "/products/22.json" for ::1 at 2016-06-21 17:18:45 -0400
Processing by ProductsController#show as JSON
  Parameters: {"id"=>"22"}
  [1m[35mProduct Load (0.1ms)[0m  SELECT  "products".* FROM "products" WHERE "products"."id" = ? LIMIT 1  [["id", 22]]
[active_model_serializers]   [1m[36mOrder Load (0.2ms)[0m  [1mSELECT "orders".* FROM "orders" INNER JOIN "ordered_products" ON "orders"."id" = "ordered_products"."order_id" WHERE "ordered_products"."product_id" = ?[0m  [["product_id", 22]]
[active_model_serializers]   [1m[35mProduct Load (0.1ms)[0m  SELECT "products".* FROM "products" INNER JOIN "ordered_products" ON "products"."id" = "ordered_products"."product_id" WHERE "ordered_products"."order_id" = ?  [["order_id", 27]]
[active_model_serializers]   [1m[36mProduct Load (0.1ms)[0m  [1mSELECT "products".* FROM "products" INNER JOIN "ordered_products" ON "products"."id" = "ordered_products"."product_id" WHERE "ordered_products"."order_id" = ?[0m  [["order_id", 29]]
[active_model_serializers] Rendered ProductSerializer with ActiveModelSerializers::Adapter::Attributes (6.36ms)
Completed 200 OK in 8ms (Views: 6.4ms | ActiveRecord: 0.6ms)


Started GET "/products/21" for ::1 at 2016-06-21 17:18:51 -0400
Processing by ProductsController#show as HTML
  Parameters: {"id"=>"21"}
  [1m[35mProduct Load (0.1ms)[0m  SELECT  "products".* FROM "products" WHERE "products"."id" = ? LIMIT 1  [["id", 21]]
  Rendered products/show.html.erb within layouts/application (1.6ms)
Completed 200 OK in 156ms (Views: 155.1ms | ActiveRecord: 0.1ms)


Started GET "/products/22.json" for ::1 at 2016-06-21 17:18:53 -0400
Processing by ProductsController#show as JSON
  Parameters: {"id"=>"22"}
  [1m[36mProduct Load (0.2ms)[0m  [1mSELECT  "products".* FROM "products" WHERE "products"."id" = ? LIMIT 1[0m  [["id", 22]]
[active_model_serializers]   [1m[35mOrder Load (0.1ms)[0m  SELECT "orders".* FROM "orders" INNER JOIN "ordered_products" ON "orders"."id" = "ordered_products"."order_id" WHERE "ordered_products"."product_id" = ?  [["product_id", 22]]
[active_model_serializers]   [1m[36mProduct Load (0.2ms)[0m  [1mSELECT "products".* FROM "products" INNER JOIN "ordered_products" ON "products"."id" = "ordered_products"."product_id" WHERE "ordered_products"."order_id" = ?[0m  [["order_id", 27]]
[active_model_serializers]   [1m[35mProduct Load (0.2ms)[0m  SELECT "products".* FROM "products" INNER JOIN "ordered_products" ON "products"."id" = "ordered_products"."product_id" WHERE "ordered_products"."order_id" = ?  [["order_id", 29]]
[active_model_serializers] Rendered ProductSerializer with ActiveModelSerializers::Adapter::Attributes (9.79ms)
Completed 200 OK in 13ms (Views: 9.9ms | ActiveRecord: 0.8ms)
